<?xml version="1.0" encoding="UTF-8"?>
<!-- Generated by org.testng.reporters.JUnitReportReporter -->
<testsuite hostname="Itctesting31" failures="0" tests="1" name="library.web.RegisterDD" time="4.851" errors="0" timestamp="2022-07-08T20:32:22 GMT+05:30" skipped="0">
  <testcase classname="library.web.RegisterDD" name="f" time="4.851"/>
  <system-out/>
</testsuite> <!-- library.web.RegisterDD -->
