<?xml version="1.0" encoding="UTF-8"?>
<!-- Generated by org.testng.reporters.JUnitReportReporter -->
<testsuite hostname="Itctesting31" failures="0" tests="1" name="library.web.adminpageDD" time="4.930" errors="0" timestamp="2022-07-08T18:49:15 GMT+05:30" skipped="0">
  <testcase classname="library.web.adminpageDD" name="test" time="4.930"/>
  <system-out/>
</testsuite> <!-- library.web.adminpageDD -->
