<?xml version="1.0" encoding="UTF-8"?>
<!-- Generated by org.testng.reporters.JUnitReportReporter -->
<testsuite hostname="Itctesting31" failures="0" tests="1" name="library.web.addtocartDD" time="8.278" errors="0" timestamp="2022-07-08T20:44:58 GMT+05:30" skipped="0">
  <testcase classname="library.web.addtocartDD" name="f" time="8.278"/>
  <system-out/>
</testsuite> <!-- library.web.addtocartDD -->
