<?xml version="1.0" encoding="UTF-8"?>
<!-- Generated by org.testng.reporters.JUnitReportReporter -->
<testsuite hostname="Itctesting31" failures="0" tests="1" name="library.web.studentDD" time="6.179" errors="0" timestamp="2022-07-08T20:03:32 GMT+05:30" skipped="0">
  <testcase classname="library.web.studentDD" name="f" time="6.179"/>
  <system-out/>
</testsuite> <!-- library.web.studentDD -->
