<?xml version="1.0" encoding="UTF-8"?>
<!-- Generated by org.testng.reporters.JUnitReportReporter -->
<testsuite hostname="Itctesting31" failures="0" tests="1" name="website1.aboutus" time="7.935" errors="0" timestamp="2022-07-07T19:13:07 GMT+05:30" skipped="0">
  <testcase classname="website1.aboutus" name="validaboutus" time="7.935"/>
  <system-out/>
</testsuite> <!-- website1.aboutus -->
