<?xml version="1.0" encoding="UTF-8"?>
<!-- Generated by org.testng.reporters.JUnitReportReporter -->
<testsuite hostname="Itctesting31" failures="0" tests="1" name="website1.homepage" time="5.103" errors="0" timestamp="2022-07-07T19:22:05 GMT+05:30" skipped="0">
  <testcase classname="website1.homepage" name="validhomepage" time="5.103"/>
  <system-out/>
</testsuite> <!-- website1.homepage -->
